Configuring streaming-commons-0.2.1.0...
Preprocessing library for streaming-commons-0.2.1.0..
Building library for streaming-commons-0.2.1.0..
[ 1 of 16] Compiling Data.Streaming.ByteString.Builder.Buffer ( Data/Streaming/ByteString/Builder/Buffer.hs, .stack-work/dist/x86_64-osx/Cabal-2.4.0.1/build/Data/Streaming/ByteString/Builder/Buffer.o )
[ 2 of 16] Compiling Data.Streaming.ByteString.Builder ( Data/Streaming/ByteString/Builder.hs, .stack-work/dist/x86_64-osx/Cabal-2.4.0.1/build/Data/Streaming/ByteString/Builder.o )
[ 3 of 16] Compiling Data.Streaming.FileRead ( Data/Streaming/FileRead.hs, .stack-work/dist/x86_64-osx/Cabal-2.4.0.1/build/Data/Streaming/FileRead.o )
[ 4 of 16] Compiling Data.Streaming.Filesystem ( Data/Streaming/Filesystem.hs, .stack-work/dist/x86_64-osx/Cabal-2.4.0.1/build/Data/Streaming/Filesystem.o )
[ 5 of 16] Compiling Data.Streaming.Network.Internal ( Data/Streaming/Network/Internal.hs, .stack-work/dist/x86_64-osx/Cabal-2.4.0.1/build/Data/Streaming/Network/Internal.o )
[ 6 of 16] Compiling Data.Streaming.Network ( Data/Streaming/Network.hs, .stack-work/dist/x86_64-osx/Cabal-2.4.0.1/build/Data/Streaming/Network.o )
[ 7 of 16] Compiling Data.Streaming.Process.Internal ( Data/Streaming/Process/Internal.hs, .stack-work/dist/x86_64-osx/Cabal-2.4.0.1/build/Data/Streaming/Process/Internal.o )
[ 8 of 16] Compiling Data.Streaming.Process ( Data/Streaming/Process.hs, .stack-work/dist/x86_64-osx/Cabal-2.4.0.1/build/Data/Streaming/Process.o )
[ 9 of 16] Compiling Data.Streaming.Zlib.Lowlevel ( Data/Streaming/Zlib/Lowlevel.hs, .stack-work/dist/x86_64-osx/Cabal-2.4.0.1/build/Data/Streaming/Zlib/Lowlevel.o )
[10 of 16] Compiling Data.Streaming.Zlib ( Data/Streaming/Zlib.hs, .stack-work/dist/x86_64-osx/Cabal-2.4.0.1/build/Data/Streaming/Zlib.o )
[11 of 16] Compiling Data.Text.Internal.Encoding.Utf16 ( Data/Text/Internal/Encoding/Utf16.hs, .stack-work/dist/x86_64-osx/Cabal-2.4.0.1/build/Data/Text/Internal/Encoding/Utf16.o )
[12 of 16] Compiling Data.Text.Internal.Encoding.Utf32 ( Data/Text/Internal/Encoding/Utf32.hs, .stack-work/dist/x86_64-osx/Cabal-2.4.0.1/build/Data/Text/Internal/Encoding/Utf32.o )
[13 of 16] Compiling Data.Text.Internal.Unsafe.Shift ( Data/Text/Internal/Unsafe/Shift.hs, .stack-work/dist/x86_64-osx/Cabal-2.4.0.1/build/Data/Text/Internal/Unsafe/Shift.o )
[14 of 16] Compiling Data.Text.Internal.Unsafe.Char ( Data/Text/Internal/Unsafe/Char.hs, .stack-work/dist/x86_64-osx/Cabal-2.4.0.1/build/Data/Text/Internal/Unsafe/Char.o )
[15 of 16] Compiling Data.Text.Internal.Encoding.Utf8 ( Data/Text/Internal/Encoding/Utf8.hs, .stack-work/dist/x86_64-osx/Cabal-2.4.0.1/build/Data/Text/Internal/Encoding/Utf8.o )
[16 of 16] Compiling Data.Streaming.Text ( Data/Streaming/Text.hs, .stack-work/dist/x86_64-osx/Cabal-2.4.0.1/build/Data/Streaming/Text.o )

cbits/text-helper.c:71:67: error:
     warning: duplicate 'const' declaration specifier [-Wduplicate-decl-specifier]
   |
71 | _hs_streaming_commons_decode_latin1(uint16_t *dest, const uint8_t const *src,
   |                                                                   ^
_hs_streaming_commons_decode_latin1(uint16_t *dest, const uint8_t const *src,
                                                                  ^

cbits/text-helper.c:72:38: error:
     warning: duplicate 'const' declaration specifier [-Wduplicate-decl-specifier]
                           const uint8_t const *srcend)
                                         ^
   |
72 |                        const uint8_t const *srcend)
   |                                      ^

cbits/text-helper.c:133:19: error:
     warning: duplicate 'const' declaration specifier [-Wduplicate-decl-specifier]
                             const uint8_t const **src, const uint8_t const *srcend,
                                           ^
    |
133 |                          const uint8_t const **src, const uint8_t const *srcend,
    |                   ^

cbits/text-helper.c:133:46: error:
     warning: duplicate 'const' declaration specifier [-Wduplicate-decl-specifier]
                             const uint8_t const **src, const uint8_t const *srcend,
                                                                      ^
    |
133 |                          const uint8_t const **src, const uint8_t const *srcend,
    |                                              ^

cbits/text-helper.c:140:19: error:
     warning: duplicate 'const' declaration specifier [-Wduplicate-decl-specifier]
                             const uint8_t const **src, const uint8_t const *srcend,
                                           ^
    |
140 |                          const uint8_t const **src, const uint8_t const *srcend,
    |                   ^

cbits/text-helper.c:140:46: error:
     warning: duplicate 'const' declaration specifier [-Wduplicate-decl-specifier]
                             const uint8_t const **src, const uint8_t const *srcend,
                                                                      ^
    |
140 |                          const uint8_t const **src, const uint8_t const *srcend,
    |                                              ^

cbits/text-helper.c:205:42: error:
     warning: duplicate 'const' declaration specifier [-Wduplicate-decl-specifier]
                               const uint8_t const **src,
                                             ^
    |
205 |                            const uint8_t const **src,
    |                                          ^

cbits/text-helper.c:206:21: error:
     warning: duplicate 'const' declaration specifier [-Wduplicate-decl-specifier]
                               const uint8_t const *srcend,
                                             ^
    |
206 |                            const uint8_t const *srcend,
    |                     ^
8 warnings generated.

cbits/text-helper.c:71:67: error:
     warning: duplicate 'const' declaration specifier [-Wduplicate-decl-specifier]
   |
71 | _hs_streaming_commons_decode_latin1(uint16_t *dest, const uint8_t const *src,
   |                                                                   ^
_hs_streaming_commons_decode_latin1(uint16_t *dest, const uint8_t const *src,
                                                                  ^

cbits/text-helper.c:72:38: error:
     warning: duplicate 'const' declaration specifier [-Wduplicate-decl-specifier]
                           const uint8_t const *srcend)
                                         ^
   |
72 |                        const uint8_t const *srcend)
   |                                      ^

cbits/text-helper.c:133:19: error:
     warning: duplicate 'const' declaration specifier [-Wduplicate-decl-specifier]
                             const uint8_t const **src, const uint8_t const *srcend,
                                           ^
    |
133 |                          const uint8_t const **src, const uint8_t const *srcend,
    |                   ^

cbits/text-helper.c:133:46: error:
     warning: duplicate 'const' declaration specifier [-Wduplicate-decl-specifier]
                             const uint8_t const **src, const uint8_t const *srcend,
                                                                      ^
    |
133 |                          const uint8_t const **src, const uint8_t const *srcend,
    |                                              ^

cbits/text-helper.c:140:19: error:
     warning: duplicate 'const' declaration specifier [-Wduplicate-decl-specifier]
                             const uint8_t const **src, const uint8_t const *srcend,
                                           ^
    |
140 |                          const uint8_t const **src, const uint8_t const *srcend,
    |                   ^

cbits/text-helper.c:140:46: error:
     warning: duplicate 'const' declaration specifier [-Wduplicate-decl-specifier]
                             const uint8_t const **src, const uint8_t const *srcend,
                                                                      ^
    |
140 |                          const uint8_t const **src, const uint8_t const *srcend,
    |                                              ^

cbits/text-helper.c:205:42: error:
     warning: duplicate 'const' declaration specifier [-Wduplicate-decl-specifier]
                               const uint8_t const **src,
                                             ^
    |
205 |                            const uint8_t const **src,
    |                                          ^

cbits/text-helper.c:206:21: error:
     warning: duplicate 'const' declaration specifier [-Wduplicate-decl-specifier]
                               const uint8_t const *srcend,
                                             ^
    |
206 |                            const uint8_t const *srcend,
    |                     ^
8 warnings generated.

cbits/zlib-helper.c:32:45: error:
     warning: passing 'const char *' to parameter of type 'const Bytef *' (aka 'const unsigned char *') converts between pointers to integer types with different sign [-Wpointer-sign]
            return inflateSetDictionary(stream, dictionary, dictLength);
                                                ^~~~~~~~~~
   |
32 |         return inflateSetDictionary(stream, dictionary, dictLength);
   |                                             ^

include/zlib.h:737:59: error:
     note: passing argument to parameter 'dictionary' here
                                                 const Bytef *dictionary,
                                                              ^
    |
737 |                                              const Bytef *dictionary,
    |                                                           ^

cbits/zlib-helper.c:37:45: error:
     warning: passing 'const char *' to parameter of type 'const Bytef *' (aka 'const unsigned char *') converts between pointers to integer types with different sign [-Wpointer-sign]
            return deflateSetDictionary(stream, dictionary, dictLength);
                                                ^~~~~~~~~~
   |
37 |         return deflateSetDictionary(stream, dictionary, dictLength);
   |                                             ^

include/zlib.h:539:59: error:
     note: passing argument to parameter 'dictionary' here
                                                 const Bytef *dictionary,
                                                              ^
    |
539 |                                              const Bytef *dictionary,
    |                                                           ^

cbits/zlib-helper.c:48:18: error:
     warning: assigning to 'Bytef *' (aka 'unsigned char *') from 'char *' converts between pointers to integer types with different sign [-Wpointer-sign]
            stream->next_in = buff;
                            ^ ~~~~
   |
48 |         stream->next_in = buff;
   |                  ^

cbits/zlib-helper.c:54:19: error:
     warning: assigning to 'Bytef *' (aka 'unsigned char *') from 'char *' converts between pointers to integer types with different sign [-Wpointer-sign]
            stream->next_out = buff;
                             ^ ~~~~
   |
54 |         stream->next_out = buff;
   |                   ^

cbits/zlib-helper.c:75:9: error:
     warning: returning 'Bytef *' (aka 'unsigned char *') from a function with result type 'char *' converts between pointers to integer types with different sign [-Wpointer-sign]
            return stream->next_in;
                   ^~~~~~~~~~~~~~~
   |
75 |         return stream->next_in;
   |         ^
5 warnings generated.

cbits/zlib-helper.c:32:45: error:
     warning: passing 'const char *' to parameter of type 'const Bytef *' (aka 'const unsigned char *') converts between pointers to integer types with different sign [-Wpointer-sign]
            return inflateSetDictionary(stream, dictionary, dictLength);
                                                ^~~~~~~~~~
   |
32 |         return inflateSetDictionary(stream, dictionary, dictLength);
   |                                             ^

include/zlib.h:737:59: error:
     note: passing argument to parameter 'dictionary' here
                                                 const Bytef *dictionary,
                                                              ^
    |
737 |                                              const Bytef *dictionary,
    |                                                           ^

cbits/zlib-helper.c:37:45: error:
     warning: passing 'const char *' to parameter of type 'const Bytef *' (aka 'const unsigned char *') converts between pointers to integer types with different sign [-Wpointer-sign]
            return deflateSetDictionary(stream, dictionary, dictLength);
                                                ^~~~~~~~~~
   |
37 |         return deflateSetDictionary(stream, dictionary, dictLength);
   |                                             ^

include/zlib.h:539:59: error:
     note: passing argument to parameter 'dictionary' here
                                                 const Bytef *dictionary,
                                                              ^
    |
539 |                                              const Bytef *dictionary,
    |                                                           ^

cbits/zlib-helper.c:48:18: error:
     warning: assigning to 'Bytef *' (aka 'unsigned char *') from 'char *' converts between pointers to integer types with different sign [-Wpointer-sign]
            stream->next_in = buff;
                            ^ ~~~~
   |
48 |         stream->next_in = buff;
   |                  ^

cbits/zlib-helper.c:54:19: error:
     warning: assigning to 'Bytef *' (aka 'unsigned char *') from 'char *' converts between pointers to integer types with different sign [-Wpointer-sign]
            stream->next_out = buff;
                             ^ ~~~~
   |
54 |         stream->next_out = buff;
   |                   ^

cbits/zlib-helper.c:75:9: error:
     warning: returning 'Bytef *' (aka 'unsigned char *') from a function with result type 'char *' converts between pointers to integer types with different sign [-Wpointer-sign]
            return stream->next_in;
                   ^~~~~~~~~~~~~~~
   |
75 |         return stream->next_in;
   |         ^
5 warnings generated.
Installing library in /Users/sy552tz/.stack/snapshots/x86_64-osx/lts-13.13/8.6.4/lib/x86_64-osx-ghc-8.6.4/streaming-commons-0.2.1.0-4w4DA7xtDlFIgZot14miJe
Registering library for streaming-commons-0.2.1.0..
